
Warning: Module "imagick" is already loaded in Unknown on line 0
composer : Loading composer repositories with package information
Au caractère Ligne:1 : 1
+ composer update arutil/ar-php nesbot/carbon --no-scripts --ignore-pla ...
+ ~~~~~~~~~~~~~~~~~~~~~~~~~~~~~~~~~~~~~~~~~~~~~~~~~~~~~~~~~~~~~~~~~~~~~
    + CategoryInfo          : NotSpecified: (Loading compose...age information 
   :String) [], RemoteException
    + FullyQualifiedErrorId : NativeCommandError
 
Updating dependencies
Lock file operations: 3 installs, 4 updates, 1 removal
  - Removing kylekatarnls/update-helper (1.2.1)
  - Upgrading arutil/ar-php (0.1.1 bce0134 => 0.1.1)
  - Locking carbonphp/carbon-doctrine-types (3.2.0)
  - Upgrading nesbot/carbon (1.39.1 => 2.73.0)
  - Locking psr/clock (1.0.0)
  - Locking symfony/deprecation-contracts (v3.6.0)
  - Upgrading symfony/translation (v4.4.47 => v6.4.34)
  - Upgrading symfony/translation-contracts (v2.5.4 => v3.6.1)
Writing lock file
Installing dependencies from lock file (including require-dev)
Package operations: 3 installs, 4 updates, 1 removal
  - Downloading carbonphp/carbon-doctrine-types (3.2.0)
  - Downloading arutil/ar-php (0.1.1)
  - Removing kylekatarnls/update-helper (1.2.1)
  - Upgrading symfony/translation-contracts (v2.5.4 => v3.6.1): Extracting 
archive
  - Installing symfony/deprecation-contracts (v3.6.0): Extracting archive
  - Upgrading symfony/translation (v4.4.47 => v6.4.34): Extracting archive
  - Installing psr/clock (1.0.0): Extracting archive
  - Installing carbonphp/carbon-doctrine-types (3.2.0): Extracting archive
  - Upgrading nesbot/carbon (1.39.1 => 2.73.0): Extracting archive
  - Upgrading arutil/ar-php (0.1.1 bce0134 => 0.1.1): Extracting archive
Generating autoload files
27 packages you are using are looking for funding.
Use the `composer fund` command to find out more!
No security vulnerability advisories found.
